{"logTime": "0103/122330", "correlationVector":"IbUu69P0M8GPtQ0pONFbvK.1","action":"SyncServerConnectionManagerRequest", "result":"SYNC_SERVER_OK", "context":{"environment":"Prod_WestEurope_x00e", "migrationStage":"NotStarted", "server":"GENERAL0200001A"}}
{"logTime": "0103/122330", "correlationVector":"IbUu69P0M8GPtQ0pONFbvK","action":"Initial GetUpdates", "result":"", "context":Reason: NEW_CLIENT. cV=IbUu69P0M8GPtQ0pONFbvK}
{"logTime": "0103/122330", "correlationVector":"IbUu69P0M8GPtQ0pONFbvK.2","action":"GetUpdates Response", "result":"SYNCER_OK", "context":Received 1 update(s). cV=IbUu69P0M8GPtQ0pONFbvK.0;server=GENERAL0200001A;cloudType=Consumer;environment=Prod_WestEurope_x00e;migrationStage=NotStarted}
{"logTime": "0103/122330", "correlationVector":"GgBOJtVK/xn2YTPfjIRlAM","action":"SyncServerConnectionManagerRequest", "result":"SYNC_SERVER_OK", "context":{"environment":"", "migrationStage":"", "server":""}}
{"logTime": "0103/122331", "correlationVector":"aJiaJbsFvagRB4MV+2O2Nk","action":"Initial GetUpdates", "result":"", "context":Reason: NEW_CLIENT. cV=aJiaJbsFvagRB4MV+2O2Nk}
{"logTime": "0103/122331", "correlationVector":"aJiaJbsFvagRB4MV+2O2Nk.1","action":"SyncServerConnectionManagerRequest", "result":"SYNC_SERVER_OK", "context":{"environment":"Prod_WestEurope_x00e", "migrationStage":"NotStarted", "server":"GENERAL02000007"}}
{"logTime": "0103/122331", "correlationVector":"aJiaJbsFvagRB4MV+2O2Nk.2","action":"GetUpdates Response", "result":"SYNCER_OK", "context":Received 227 update(s). cV=aJiaJbsFvagRB4MV+2O2Nk.0;server=GENERAL02000007;cloudType=Consumer;environment=Prod_WestEurope_x00e;migrationStage=NotStarted}
{"logTime": "0103/122332", "correlationVector":"Qp7/f0NzRKmTLDPoXLPBr8","action":"Initial GetUpdates", "result":"", "context":Reason: NEWLY_SUPPORTED_DATATYPE. cV=Qp7/f0NzRKmTLDPoXLPBr8}
{"logTime": "0103/122332", "correlationVector":"Qp7/f0NzRKmTLDPoXLPBr8.1","action":"SyncServerConnectionManagerRequest", "result":"SYNC_SERVER_OK", "context":{"environment":"Prod_WestEurope_000l", "migrationStage":"NotStarted", "server":"GENERAL01000006"}}
{"logTime": "0103/122332", "correlationVector":"Qp7/f0NzRKmTLDPoXLPBr8.2","action":"GetUpdates Response", "result":"SYNCER_OK", "context":Received 78 update(s). cV=Qp7/f0NzRKmTLDPoXLPBr8.0;server=GENERAL01000006;cloudType=Consumer;environment=Prod_WestEurope_000l;migrationStage=NotStarted}
{"logTime": "0103/122332", "correlationVector":"O9gyuLQ0U+5hH2IbQkdAWl","action":"Initial GetUpdates", "result":"", "context":Reason: NEWLY_SUPPORTED_DATATYPE. cV=O9gyuLQ0U+5hH2IbQkdAWl}
{"logTime": "0103/122332", "correlationVector":"O9gyuLQ0U+5hH2IbQkdAWl.1","action":"SyncServerConnectionManagerRequest", "result":"SYNC_SERVER_OK", "context":{"environment":"Prod_WestEurope_000l", "migrationStage":"NotStarted", "server":"GENERAL0100000T"}}
{"logTime": "0103/122332", "correlationVector":"O9gyuLQ0U+5hH2IbQkdAWl.2","action":"GetUpdates Response", "result":"SERVER_MORE_TO_DOWNLOAD", "context":Received 250 update(s).  Some updates remain.}
{"logTime": "0103/122332", "correlationVector":"42p/gQSnhnjdg+H0oMTjH4","action":"Initial GetUpdates", "result":"", "context":Reason: NEWLY_SUPPORTED_DATATYPE. cV=42p/gQSnhnjdg+H0oMTjH4}
{"logTime": "0103/122332", "correlationVector":"42p/gQSnhnjdg+H0oMTjH4.1","action":"SyncServerConnectionManagerRequest", "result":"SYNC_SERVER_OK", "context":{"environment":"Prod_WestEurope_000l", "migrationStage":"NotStarted", "server":"GENERAL01000011"}}
{"logTime": "0103/122332", "correlationVector":"42p/gQSnhnjdg+H0oMTjH4.2","action":"GetUpdates Response", "result":"SERVER_MORE_TO_DOWNLOAD", "context":Received 250 update(s).  Some updates remain.}
{"logTime": "0103/122332", "correlationVector":"aFlqVpBpiWGIWzEss2cV40","action":"Initial GetUpdates", "result":"", "context":Reason: NEWLY_SUPPORTED_DATATYPE. cV=aFlqVpBpiWGIWzEss2cV40}
{"logTime": "0103/122332", "correlationVector":"aFlqVpBpiWGIWzEss2cV40.1","action":"SyncServerConnectionManagerRequest", "result":"SYNC_SERVER_OK", "context":{"environment":"Prod_WestEurope_000l", "migrationStage":"NotStarted", "server":"GENERAL0100000Y"}}
{"logTime": "0103/122332", "correlationVector":"aFlqVpBpiWGIWzEss2cV40.2","action":"GetUpdates Response", "result":"SERVER_MORE_TO_DOWNLOAD", "context":Received 250 update(s).  Some updates remain.}
{"logTime": "0103/122332", "correlationVector":"gIYP5+aMgIUldBf6I4ebaE","action":"Initial GetUpdates", "result":"", "context":Reason: NEWLY_SUPPORTED_DATATYPE. cV=gIYP5+aMgIUldBf6I4ebaE}
{"logTime": "0103/122332", "correlationVector":"gIYP5+aMgIUldBf6I4ebaE.1","action":"SyncServerConnectionManagerRequest", "result":"SYNC_SERVER_OK", "context":{"environment":"Prod_WestEurope_000l", "migrationStage":"NotStarted", "server":"GENERAL0100000U"}}
{"logTime": "0103/122332", "correlationVector":"gIYP5+aMgIUldBf6I4ebaE.2","action":"GetUpdates Response", "result":"SERVER_MORE_TO_DOWNLOAD", "context":Received 250 update(s).  Some updates remain.}
{"logTime": "0103/122332", "correlationVector":"/RqBMr6/FZfFgEBlHC7VSN","action":"Initial GetUpdates", "result":"", "context":Reason: NEWLY_SUPPORTED_DATATYPE. cV=/RqBMr6/FZfFgEBlHC7VSN}
{"logTime": "0103/122332", "correlationVector":"/RqBMr6/FZfFgEBlHC7VSN.1","action":"SyncServerConnectionManagerRequest", "result":"SYNC_SERVER_OK", "context":{"environment":"Prod_WestEurope_000l", "migrationStage":"NotStarted", "server":"GENERAL01000008"}}
{"logTime": "0103/122332", "correlationVector":"/RqBMr6/FZfFgEBlHC7VSN.2","action":"GetUpdates Response", "result":"SERVER_MORE_TO_DOWNLOAD", "context":Received 250 update(s).  Some updates remain.}
{"logTime": "0103/122332", "correlationVector":"tU8p82TCcojWbNawQn/5Ee","action":"Initial GetUpdates", "result":"", "context":Reason: NEWLY_SUPPORTED_DATATYPE. cV=tU8p82TCcojWbNawQn/5Ee}
{"logTime": "0103/122334", "correlationVector":"tU8p82TCcojWbNawQn/5Ee.1","action":"SyncServerConnectionManagerRequest", "result":"SYNC_SERVER_OK", "context":{"environment":"Prod_WestEurope_000l", "migrationStage":"NotStarted", "server":"GENERAL01000021"}}
{"logTime": "0103/122334", "correlationVector":"tU8p82TCcojWbNawQn/5Ee.2","action":"GetUpdates Response", "result":"SERVER_MORE_TO_DOWNLOAD", "context":Received 250 update(s).  Some updates remain.}
{"logTime": "0103/122334", "correlationVector":"G5A0XUN1++a/nL8cxZltqo","action":"Initial GetUpdates", "result":"", "context":Reason: NEWLY_SUPPORTED_DATATYPE. cV=G5A0XUN1++a/nL8cxZltqo}
{"logTime": "0103/122334", "correlationVector":"G5A0XUN1++a/nL8cxZltqo.1","action":"SyncServerConnectionManagerRequest", "result":"SYNC_SERVER_OK", "context":{"environment":"Prod_WestEurope_000l", "migrationStage":"NotStarted", "server":"GENERAL01000022"}}
{"logTime": "0103/122334", "correlationVector":"G5A0XUN1++a/nL8cxZltqo.2","action":"GetUpdates Response", "result":"SYNCER_OK", "context":Received 53 update(s). cV=G5A0XUN1++a/nL8cxZltqo.0;server=GENERAL01000022;cloudType=Consumer;environment=Prod_WestEurope_000l;migrationStage=NotStarted}
{"logTime": "0103/122335", "correlationVector":"wBTJY32XngQ3Z3lFBiCjwu","action":"Normal GetUpdate request", "result":"", "context":cV=wBTJY32XngQ3Z3lFBiCjwu
Nudged types: Bookmarks, Device Info, User Consents
Refresh requested types: Bookmarks, Preferences, Passwords, Autofill Profiles, Autofill, Autofill Custom Data, Extensions, Extension settings, Device Info, User Consents, Send Tab To Self, Web Apps, Collection, Edge E Drop, Edge Hub App Usage, Edge Wallet, Encryption Keys}
{"logTime": "0103/122335", "correlationVector":"wBTJY32XngQ3Z3lFBiCjwu.1","action":"SyncServerConnectionManagerRequest", "result":"SYNC_SERVER_OK", "context":{"environment":"Prod_NorthEurope_000h", "migrationStage":"NotStarted", "server":"GENERAL0100000N"}}
{"logTime": "0103/122335", "correlationVector":"wBTJY32XngQ3Z3lFBiCjwu.2","action":"GetUpdates Response", "result":"SYNCER_OK", "context":Received 0 update(s). cV=wBTJY32XngQ3Z3lFBiCjwu.0;server=GENERAL0100000N;cloudType=Consumer;environment=Prod_NorthEurope_000h;migrationStage=NotStarted}
{"logTime": "0103/122335", "correlationVector":"6V+lTbdYnBnFRcHweMbYwz","action":"Commit Request", "result":"", "context":Item count: 1
Contributing types: Device Info}
{"logTime": "0103/122335", "correlationVector":"6V+lTbdYnBnFRcHweMbYwz.1","action":"SyncServerConnectionManagerRequest", "result":"SYNC_SERVER_OK", "context":{"environment":"Prod_WestEurope_000l", "migrationStage":"NotStarted", "server":"GENERAL0100000L"}}
{"logTime": "0103/122335", "correlationVector":"6V+lTbdYnBnFRcHweMbYwz.2","action":"Commit Response", "result":"SYNCER_OK", "context":Result: SYNCER_OK. cV=6V+lTbdYnBnFRcHweMbYwz.0;server=GENERAL0100000L;cloudType=Consumer;environment=Prod_WestEurope_000l;migrationStage=NotStarted}
{"logTime": "0103/122335", "correlationVector":"PQm7x13Y+maJK/GwIHeh+4","action":"Commit Request", "result":"", "context":Item count: 5
Contributing types: Bookmarks, User Consents}
{"logTime": "0103/122336", "correlationVector":"PQm7x13Y+maJK/GwIHeh+4.1","action":"SyncServerConnectionManagerRequest", "result":"SYNC_SERVER_OK", "context":{"environment":"Prod_WestEurope_x00e", "migrationStage":"NotStarted", "server":"GENERAL02000003"}}
{"logTime": "0103/122339", "correlationVector":"PQm7x13Y+maJK/GwIHeh+4.2","action":"Commit Response", "result":"SYNCER_OK", "context":Result: SYNCER_OK. cV=PQm7x13Y+maJK/GwIHeh+4.0;server=GENERAL02000003;cloudType=Consumer;environment=Prod_WestEurope_x00e;migrationStage=NotStarted}
{"logTime": "0103/122340", "correlationVector":"YkdVOTL/wIlF1xD8XnlO6q","action":"Normal GetUpdate request", "result":"", "context":cV=YkdVOTL/wIlF1xD8XnlO6q
Nudged types: Device Info}
{"logTime": "0103/122340", "correlationVector":"YkdVOTL/wIlF1xD8XnlO6q.1","action":"SyncServerConnectionManagerRequest", "result":"SYNC_SERVER_OK", "context":{"environment":"Prod_WestEurope_x00e", "migrationStage":"NotStarted", "server":"GENERAL0200002X"}}
{"logTime": "0103/122345", "correlationVector":"YkdVOTL/wIlF1xD8XnlO6q.2","action":"GetUpdates Response", "result":"SYNCER_OK", "context":Received 5 update(s). cV=YkdVOTL/wIlF1xD8XnlO6q.0;server=GENERAL0200002X;cloudType=Consumer;environment=Prod_WestEurope_x00e;migrationStage=NotStarted}
{"logTime": "0103/122423", "correlationVector":"C04L+IMSOtiEzEI13XGYor","action":"Commit Request", "result":"", "context":Item count: 7
Contributing types: Edge Hub App Usage}
{"logTime": "0103/122429", "correlationVector":"C04L+IMSOtiEzEI13XGYor.1","action":"SyncServerConnectionManagerRequest", "result":"SYNC_SERVER_OK", "context":{"environment":"Prod_WestEurope_000l", "migrationStage":"NotStarted", "server":"GENERAL0100000H"}}
{"logTime": "0103/122429", "correlationVector":"C04L+IMSOtiEzEI13XGYor.2","action":"Commit Response", "result":"SYNCER_OK", "context":Result: SYNCER_OK. cV=C04L+IMSOtiEzEI13XGYor.0;server=GENERAL0100000H;cloudType=Consumer;environment=Prod_WestEurope_000l;migrationStage=NotStarted}
{"logTime": "0103/122514", "correlationVector":"DpwO04sakUDyQ3Qu26/key","action":"Commit Request", "result":"", "context":Item count: 1
Contributing types: Edge Hub App Usage}
{"logTime": "0103/122515", "correlationVector":"DpwO04sakUDyQ3Qu26/key.1","action":"SyncServerConnectionManagerRequest", "result":"SYNC_SERVER_OK", "context":{"environment":"Prod_NorthEurope_000h", "migrationStage":"NotStarted", "server":"GENERAL0100002G"}}
{"logTime": "0103/122516", "correlationVector":"DpwO04sakUDyQ3Qu26/key.2","action":"Commit Response", "result":"SYNCER_OK", "context":Result: SYNCER_OK. cV=DpwO04sakUDyQ3Qu26/key.0;server=GENERAL0100002G;cloudType=Consumer;environment=Prod_NorthEurope_000h;migrationStage=NotStarted}
{"logTime": "0103/122603", "correlationVector":"6Ju4fA+3VlLDsh5pQxj4i6","action":"Commit Request", "result":"", "context":Item count: 2
Contributing types: Passwords}
{"logTime": "0103/122605", "correlationVector":"6Ju4fA+3VlLDsh5pQxj4i6.1","action":"SyncServerConnectionManagerRequest", "result":"SYNC_SERVER_OK", "context":{"environment":"Prod_WestEurope_x00e", "migrationStage":"NotStarted", "server":"GENERAL0200000X"}}
{"logTime": "0103/122605", "correlationVector":"6Ju4fA+3VlLDsh5pQxj4i6.2","action":"Commit Response", "result":"SYNCER_OK", "context":Result: SYNCER_OK. cV=6Ju4fA+3VlLDsh5pQxj4i6.0;server=GENERAL0200000X;cloudType=Consumer;environment=Prod_WestEurope_x00e;migrationStage=NotStarted}
{"logTime": "0103/122605", "correlationVector":"fBOFYbXeHFNkUnHo3b2Bj1","action":"Commit Request", "result":"", "context":Item count: 1
Contributing types: Preferences}
{"logTime": "0103/122606", "correlationVector":"fBOFYbXeHFNkUnHo3b2Bj1.1","action":"SyncServerConnectionManagerRequest", "result":"SYNC_SERVER_OK", "context":{"environment":"Prod_WestEurope_x00e", "migrationStage":"NotStarted", "server":"GENERAL01000012"}}
{"logTime": "0103/122606", "correlationVector":"fBOFYbXeHFNkUnHo3b2Bj1.2","action":"Commit Response", "result":"SYNCER_OK", "context":Result: SYNCER_OK. cV=fBOFYbXeHFNkUnHo3b2Bj1.0;server=GENERAL01000012;cloudType=Consumer;environment=Prod_WestEurope_x00e;migrationStage=NotStarted}
{"logTime": "0103/122706", "correlationVector":"d/84hSVYvFd2kpt8W9jvAP","action":"Normal GetUpdate request", "result":"", "context":cV=d/84hSVYvFd2kpt8W9jvAP
Refresh requested types: Bookmarks, Preferences, Passwords, Autofill Profiles, Autofill, Autofill Custom Data, Extensions, Extension settings, Device Info, User Consents, Send Tab To Self, Web Apps, Collection, Edge E Drop, Edge Hub App Usage, Edge Wallet, Encryption Keys}
{"logTime": "0103/122707", "correlationVector":"d/84hSVYvFd2kpt8W9jvAP.1","action":"SyncServerConnectionManagerRequest", "result":"SYNC_SERVER_OK", "context":{"environment":"Prod_WestEurope_x00e", "migrationStage":"NotStarted", "server":"GENERAL0100002J"}}
{"logTime": "0103/122707", "correlationVector":"d/84hSVYvFd2kpt8W9jvAP.2","action":"GetUpdates Response", "result":"SYNCER_OK", "context":Received 11 update(s). cV=d/84hSVYvFd2kpt8W9jvAP.0;server=GENERAL0100002J;cloudType=Consumer;environment=Prod_WestEurope_x00e;migrationStage=NotStarted}
{"logTime": "0103/123224", "correlationVector":"5xugtwEzKvI2YLfKpdyNgK","action":"Normal GetUpdate request", "result":"", "context":cV=5xugtwEzKvI2YLfKpdyNgK
Refresh requested types: Bookmarks, Preferences, Passwords, Autofill Profiles, Autofill, Autofill Custom Data, Extensions, Extension settings, Device Info, User Consents, Send Tab To Self, Web Apps, Collection, Edge E Drop, Edge Hub App Usage, Edge Wallet, Encryption Keys}
{"logTime": "0103/123225", "correlationVector":"5xugtwEzKvI2YLfKpdyNgK.1","action":"SyncServerConnectionManagerRequest", "result":"SYNC_SERVER_OK", "context":{"environment":"Prod_NorthEurope_000h", "migrationStage":"NotStarted", "server":"GENERAL01000017"}}
{"logTime": "0103/123225", "correlationVector":"5xugtwEzKvI2YLfKpdyNgK.2","action":"GetUpdates Response", "result":"SYNCER_OK", "context":Received 0 update(s). cV=5xugtwEzKvI2YLfKpdyNgK.0;server=GENERAL01000017;cloudType=Consumer;environment=Prod_NorthEurope_000h;migrationStage=NotStarted}
